build/app/intermediates/manifest_merge_blame_file/release/manifest-merger-blame-release-report.txt
1<?xml version="1.0" encoding="utf-8"?>
2<manifest xmlns:android="http://schemas.android.com/apk/res/android"
3    package="com.palmistrylive.readings"
4    android:versionCode="3"
5    android:versionName="3.0.0" >
6    <!--
7 Required to query activities that can process text, see:
8         https://developer.android.com/training/package-visibility?hl=en and
9         https://developer.android.com/reference/android/content/Intent#ACTION_PROCESS_TEXT.
10
11         In particular, this is used by the Flutter engine in io.flutter.plugin.text.ProcessTextPlugin.
12    -->
13    <!--
14 <queries>
15        <intent>
16            <action android:name="android.intent.action.PROCESS_TEXT"/>
17            <data android:mimeType="text/plain"/>
18        </intent>
19    </queries>
20    -->
21    <uses-sdk
22        android:minSdkVersion="19"
22-->src\main\AndroidManifest.xml
23        android:targetSdkVersion="34" />
23-->src\main\AndroidManifest.xml
24
25    <permission
25-->[androidx.core:core:1.10.1] AndroidManifest.xml:22:5-24:47
26        android:name="com.palmistrylive.readings.DYNAMIC_RECEIVER_NOT_EXPORTED_PERMISSION"
26-->[androidx.core:core:1.10.1] AndroidManifest.xml:23:9-81
27        android:protectionLevel="signature" />
27-->[androidx.core:core:1.10.1] AndroidManifest.xml:24:9-44
28
29    <uses-permission android:name="com.palmistrylive.readings.DYNAMIC_RECEIVER_NOT_EXPORTED_PERMISSION" />
29-->[androidx.core:core:1.10.1] AndroidManifest.xml:26:5-97
29-->[androidx.core:core:1.10.1] AndroidManifest.xml:26:22-94
30
31    <application
32        android:name="android.app.Application"
32-->src\main\AndroidManifest.xml:5:9-42
33        android:appComponentFactory="androidx.core.app.CoreComponentFactory"
33-->[androidx.core:core:1.10.1] AndroidManifest.xml:28:18-86
34        android:icon="@mipmap/ic_launcher"
34-->src\main\AndroidManifest.xml:6:9-43
35        android:label="Palmistry Live Readings" >
35-->src\main\AndroidManifest.xml:4:9-48
36        <activity
36-->src\main\AndroidManifest.xml:7:9-27:20
37            android:name="com.palmistrylive.readings.MainActivity"
37-->src\main\AndroidManifest.xml:8:13-41
38            android:configChanges="orientation|keyboardHidden|keyboard|screenSize|smallestScreenSize|locale|layoutDirection|fontScale|screenLayout|density|uiMode"
38-->src\main\AndroidManifest.xml:12:13-163
39            android:exported="true"
39-->src\main\AndroidManifest.xml:9:13-36
40            android:hardwareAccelerated="true"
40-->src\main\AndroidManifest.xml:13:13-47
41            android:launchMode="singleTop"
41-->src\main\AndroidManifest.xml:10:13-43
42            android:theme="@style/LaunchTheme"
42-->src\main\AndroidManifest.xml:11:13-47
43            android:windowSoftInputMode="adjustResize" >
43-->src\main\AndroidManifest.xml:14:13-55
44
45            <!--
46                 Specifies an Android theme to apply to this Activity as soon as
47                 the Android process has started. This theme is visible to the user
48                 while the Flutter UI initializes. After that, this theme continues
49                 to determine the Window background behind the Flutter UI.
50            -->
51            <meta-data
51-->src\main\AndroidManifest.xml:19:13-22:17
52                android:name="io.flutter.embedding.android.NormalTheme"
52-->src\main\AndroidManifest.xml:20:15-70
53                android:resource="@style/NormalTheme" />
53-->src\main\AndroidManifest.xml:21:15-52
54
55            <intent-filter>
55-->src\main\AndroidManifest.xml:23:13-26:29
56                <action android:name="android.intent.action.MAIN" />
56-->src\main\AndroidManifest.xml:24:17-68
56-->src\main\AndroidManifest.xml:24:25-66
57
58                <category android:name="android.intent.category.LAUNCHER" />
58-->src\main\AndroidManifest.xml:25:17-76
58-->src\main\AndroidManifest.xml:25:27-74
59            </intent-filter>
60        </activity>
61        <!--
62             Don't delete the meta-data below.
63             This is used by the Flutter tool to generate GeneratedPluginRegistrant.java
64        -->
65        <meta-data
65-->src\main\AndroidManifest.xml:30:9-32:33
66            android:name="flutterEmbedding"
66-->src\main\AndroidManifest.xml:31:13-44
67            android:value="2" />
67-->src\main\AndroidManifest.xml:32:13-30
68        <!--
69           Declares a provider which allows us to store files to share in
70           '.../caches/share_plus' and grant the receiving action access
71        -->
72        <provider
72-->[:share_plus] AndroidManifest.xml:15:9-23:20
73            android:name="dev.fluttercommunity.plus.share.ShareFileProvider"
73-->[:share_plus] AndroidManifest.xml:16:13-77
74            android:authorities="com.palmistrylive.readings.flutter.share_provider"
74-->[:share_plus] AndroidManifest.xml:17:13-74
75            android:exported="false"
75-->[:share_plus] AndroidManifest.xml:18:13-37
76            android:grantUriPermissions="true" >
76-->[:share_plus] AndroidManifest.xml:19:13-47
77            <meta-data
77-->[:share_plus] AndroidManifest.xml:20:13-22:68
78                android:name="android.support.FILE_PROVIDER_PATHS"
78-->[:share_plus] AndroidManifest.xml:21:17-67
79                android:resource="@xml/flutter_share_file_paths" />
79-->[:share_plus] AndroidManifest.xml:22:17-65
80        </provider>
81        <!--
82           This manifest declared broadcast receiver allows us to use an explicit
83           Intent when creating a PendingItent to be informed of the user's choice
84        -->
85        <receiver
85-->[:share_plus] AndroidManifest.xml:28:9-34:20
86            android:name="dev.fluttercommunity.plus.share.SharePlusPendingIntent"
86-->[:share_plus] AndroidManifest.xml:29:13-82
87            android:exported="false" >
87-->[:share_plus] AndroidManifest.xml:30:13-37
88            <intent-filter>
88-->[:share_plus] AndroidManifest.xml:31:13-33:29
89                <action android:name="EXTRA_CHOSEN_COMPONENT" />
89-->[:share_plus] AndroidManifest.xml:32:17-65
89-->[:share_plus] AndroidManifest.xml:32:25-62
90            </intent-filter>
91        </receiver>
92
93        <activity
93-->[:url_launcher_android] AndroidManifest.xml:10:9-13:74
94            android:name="io.flutter.plugins.urllauncher.WebViewActivity"
94-->[:url_launcher_android] AndroidManifest.xml:11:13-74
95            android:exported="false"
95-->[:url_launcher_android] AndroidManifest.xml:12:13-37
96            android:theme="@android:style/Theme.NoTitleBar.Fullscreen" />
96-->[:url_launcher_android] AndroidManifest.xml:13:13-71
97
98        <uses-library
98-->[androidx.window:window:1.0.0-beta04] AndroidManifest.xml:25:9-27:40
99            android:name="androidx.window.extensions"
99-->[androidx.window:window:1.0.0-beta04] AndroidManifest.xml:26:13-54
100            android:required="false" />
100-->[androidx.window:window:1.0.0-beta04] AndroidManifest.xml:27:13-37
101        <uses-library
101-->[androidx.window:window:1.0.0-beta04] AndroidManifest.xml:28:9-30:40
102            android:name="androidx.window.sidecar"
102-->[androidx.window:window:1.0.0-beta04] AndroidManifest.xml:29:13-51
103            android:required="false" />
103-->[androidx.window:window:1.0.0-beta04] AndroidManifest.xml:30:13-37
104    </application>
105
106</manifest>